14:11:15.347 [grizzly-http-server-2] INFO  org.example.config._Logger - Sucesso ao recuperar usuário com o nome: Yago
14:11:15.350 [grizzly-http-server-2] INFO  org.example.config._Logger - Sucesso ao recuperar usuário com o nome: Yago
14:11:35.590 [grizzly-http-server-4] INFO  org.example.config._Logger - Sucesso ao recuperar usuário com o nome: Yago
14:11:35.590 [grizzly-http-server-4] INFO  org.example.config._Logger - Sucesso ao recuperar usuário com o nome: Yago
14:12:42.821 [grizzly-http-server-1] INFO  org.example.config._Logger - Sucesso ao recuperar usuário com o nome: Yago
14:12:42.826 [grizzly-http-server-1] INFO  org.example.config._Logger - Sucesso ao recuperar usuário com o nome: Yago
14:12:49.644 [grizzly-http-server-6] INFO  org.example.config._Logger - Sucesso ao recuperar usuário com o nome: Yago Lucas
14:12:49.645 [grizzly-http-server-6] INFO  org.example.config._Logger - Sucesso ao recuperar usuário com o nome: Yago Lucas
14:12:49.806 [grizzly-http-server-6] INFO  org.example.config._Logger - Usuário criado com sucesso: 1
14:12:49.806 [grizzly-http-server-6] INFO  org.example.config._Logger - Usuário criado com sucesso: 1
14:13:15.808 [grizzly-http-server-4] INFO  org.example.config._Logger - Sucesso ao recuperar usuário com o nome: Yago Lucas
14:13:15.809 [grizzly-http-server-4] INFO  org.example.config._Logger - Sucesso ao recuperar usuário com o nome: Yago Lucas
14:28:02.698 [grizzly-http-server-0] INFO  org.example.config._Logger - Sucesso ao recuperar usuário com o nome: Yago
14:28:02.703 [grizzly-http-server-0] INFO  org.example.config._Logger - Sucesso ao recuperar usuário com o nome: Yago
14:28:36.240 [grizzly-http-server-2] INFO  org.example.config._Logger - Sucesso ao recuperar usuário com o nome: Yago
14:28:36.241 [grizzly-http-server-2] INFO  org.example.config._Logger - Sucesso ao recuperar usuário com o nome: Yago
14:28:39.662 [grizzly-http-server-9] INFO  org.example.config._Logger - Sucesso ao recuperar usuário com o nome: Yago
14:28:39.663 [grizzly-http-server-9] INFO  org.example.config._Logger - Sucesso ao recuperar usuário com o nome: Yago
14:28:46.583 [grizzly-http-server-6] INFO  org.example.config._Logger - Sucesso ao recuperar usuário com o nome: Yago Lucas
14:28:46.583 [grizzly-http-server-6] INFO  org.example.config._Logger - Sucesso ao recuperar usuário com o nome: Yago Lucas
14:28:54.818 [grizzly-http-server-8] INFO  org.example.config._Logger - Sucesso ao recuperar usuário com o nome: tytytyty
14:28:54.819 [grizzly-http-server-8] INFO  org.example.config._Logger - Sucesso ao recuperar usuário com o nome: tytytyty
14:29:01.433 [grizzly-http-server-10] INFO  org.example.config._Logger - Sucesso ao recuperar usuário com o nome: Yago
14:29:01.434 [grizzly-http-server-10] INFO  org.example.config._Logger - Sucesso ao recuperar usuário com o nome: Yago
15:08:10.598 [main] ERROR org.example.config._Logger - Erro ao cadastrar denuncia: ORA-00928: palavra-chave SELECT não encontrada

15:08:10.602 [main] ERROR org.example.config._Logger - Erro ao cadastrar denuncia: ORA-00928: palavra-chave SELECT não encontrada

15:09:15.889 [main] ERROR org.example.config._Logger - Erro ao cadastrar denuncia: ORA-02291: restrição de integridade (RM553013.DENUNCIA_USUARIO_FK) violada - chave mãe não localizada

15:09:15.892 [main] ERROR org.example.config._Logger - Erro ao cadastrar denuncia: ORA-02291: restrição de integridade (RM553013.DENUNCIA_USUARIO_FK) violada - chave mãe não localizada

15:13:41.815 [main] INFO  org.example.config._Logger - Usuário criado com sucesso: 1
15:13:41.822 [main] INFO  org.example.config._Logger - Usuário criado com sucesso: 1
15:13:42.208 [main] INFO  org.example.config._Logger - Sucesso ao recuperar usuário com o nome: nomeUsuario
15:13:42.208 [main] INFO  org.example.config._Logger - Sucesso ao recuperar usuário com o nome: nomeUsuario
15:13:42.253 [main] ERROR org.example.config._Logger - Erro ao cadastrar denuncia: ORA-02291: restrição de integridade (RM553013.DENUNCIA_USUARIO_FK) violada - chave mãe não localizada

15:13:42.253 [main] ERROR org.example.config._Logger - Erro ao cadastrar denuncia: ORA-02291: restrição de integridade (RM553013.DENUNCIA_USUARIO_FK) violada - chave mãe não localizada

15:15:04.970 [main] INFO  org.example.config._Logger - Usuário criado com sucesso: 1
15:15:04.975 [main] INFO  org.example.config._Logger - Usuário criado com sucesso: 1
15:15:05.316 [main] INFO  org.example.config._Logger - Sucesso ao recuperar usuário com o nome: João
15:15:05.316 [main] INFO  org.example.config._Logger - Sucesso ao recuperar usuário com o nome: João
15:15:05.341 [main] INFO  org.example.config._Logger - Sucesso ao inserir denunia, linhas afetadas: 1
15:15:05.341 [main] INFO  org.example.config._Logger - Sucesso ao inserir denunia, linhas afetadas: 1
15:16:27.879 [main] ERROR org.example.config._Logger - Erro ao recuperar denuncias do usuário:João, erro :ORA-00920: operador relacional inválido

15:16:27.882 [main] ERROR org.example.config._Logger - Erro ao recuperar denuncias do usuário:João, erro :ORA-00920: operador relacional inválido
15:17:45.985 [main] ERROR org.example.config._Logger - Erro ao recuperar denuncias do usuário:João, erro :ORA-00920: operador relacional inválido
09:23:50.493 [grizzly-http-server-3] INFO  org.example.config._Logger - Atividade no site cadastrada com sucesso, linhas afetadas: 1
09:24:21.313 [grizzly-http-server-1] INFO  org.example.config._Logger - Sucesso ao recuperar usuário com o nome: Yago
09:24:21.316 [grizzly-http-server-1] INFO  org.example.config._Logger - Sucesso ao recuperar usuário com o nome: Yago
09:24:21.513 [grizzly-http-server-1] INFO  org.example.config._Logger - Sucesso ao cadastrar doação, linhas afetadas: 1
09:24:21.514 [grizzly-http-server-1] INFO  org.example.config._Logger - Sucesso ao cadastrar doação, linhas afetadas: 1
09:24:21.822 [grizzly-http-server-1] INFO  org.example.config._Logger - Sucesso ao buscar última doação
09:24:21.822 [grizzly-http-server-1] INFO  org.example.config._Logger - Sucesso ao buscar última doação
09:24:21.836 [grizzly-http-server-1] INFO  org.example.config._Logger - Atividade no site cadastrada com sucesso, linhas afetadas: 1
09:24:21.836 [grizzly-http-server-1] INFO  org.example.config._Logger - Atividade no site cadastrada com sucesso, linhas afetadas: 1
09:25:10.274 [grizzly-http-server-6] INFO  org.example.config._Logger - Sucesso ao recuperar usuário com o nome: Yago
09:25:10.279 [grizzly-http-server-6] INFO  org.example.config._Logger - Sucesso ao recuperar usuário com o nome: Yago
09:25:10.451 [grizzly-http-server-6] INFO  org.example.config._Logger - Sucesso ao cadastrar doação, linhas afetadas: 1
09:25:10.452 [grizzly-http-server-6] INFO  org.example.config._Logger - Sucesso ao cadastrar doação, linhas afetadas: 1
09:25:10.758 [grizzly-http-server-6] INFO  org.example.config._Logger - Sucesso ao buscar última doação
09:25:10.758 [grizzly-http-server-6] INFO  org.example.config._Logger - Sucesso ao buscar última doação
09:25:10.772 [grizzly-http-server-6] INFO  org.example.config._Logger - Atividade no site cadastrada com sucesso, linhas afetadas: 1
09:25:10.772 [grizzly-http-server-6] INFO  org.example.config._Logger - Atividade no site cadastrada com sucesso, linhas afetadas: 1
19:00:00.712 [grizzly-http-server-6] INFO  org.example.config._Logger - Sucesso ao recuperar usuário com o nome: Yago
19:00:00.715 [grizzly-http-server-6] INFO  org.example.config._Logger - Sucesso ao recuperar usuário com o nome: Yago
19:01:35.552 [grizzly-http-server-3] INFO  org.example.config._Logger - Sucesso ao recuperar usuário com o nome: Yago
19:01:35.552 [grizzly-http-server-3] INFO  org.example.config._Logger - Sucesso ao recuperar usuário com o nome: Yago
19:02:36.682 [grizzly-http-server-4] INFO  org.example.config._Logger - Sucesso ao recuperar usuário com o nome: Yago
19:02:36.682 [grizzly-http-server-4] INFO  org.example.config._Logger - Sucesso ao recuperar usuário com o nome: Yago
19:05:17.266 [grizzly-http-server-1] INFO  org.example.config._Logger - Sucesso ao recuperar usuário com o nome: Yago
19:05:17.266 [grizzly-http-server-1] INFO  org.example.config._Logger - Sucesso ao recuperar usuário com o nome: Yago
19:07:12.950 [grizzly-http-server-16] INFO  org.example.config._Logger - Sucesso ao recuperar usuário com o nome: Yago
19:07:12.951 [grizzly-http-server-16] INFO  org.example.config._Logger - Sucesso ao recuperar usuário com o nome: Yago
19:21:55.309 [grizzly-http-server-17] INFO  org.example.config._Logger - Sucesso ao recuperar usuário com o nome: Yago
19:21:55.310 [grizzly-http-server-17] INFO  org.example.config._Logger - Sucesso ao recuperar usuário com o nome: Yago
19:25:18.253 [grizzly-http-server-10] INFO  org.example.config._Logger - Sucesso ao recuperar usuário com o nome: Yago
19:25:18.254 [grizzly-http-server-10] INFO  org.example.config._Logger - Sucesso ao recuperar usuário com o nome: Yago
19:27:20.935 [grizzly-http-server-11] INFO  org.example.config._Logger - Sucesso ao recuperar usuário com o nome: Yago
19:27:20.936 [grizzly-http-server-11] INFO  org.example.config._Logger - Sucesso ao recuperar usuário com o nome: Yago
19:29:19.007 [grizzly-http-server-12] INFO  org.example.config._Logger - Sucesso ao recuperar usuário com o nome: Yago
19:29:19.008 [grizzly-http-server-12] INFO  org.example.config._Logger - Sucesso ao recuperar usuário com o nome: Yago
19:30:40.788 [grizzly-http-server-15] INFO  org.example.config._Logger - Sucesso ao recuperar usuário com o nome: Yago
19:30:40.788 [grizzly-http-server-15] INFO  org.example.config._Logger - Sucesso ao recuperar usuário com o nome: Yago
